[ 2026-07-09 04:03:31,084 ] INFO src.logger - Starting end-to-end training pipeline
[ 2026-07-09 04:03:31,084 ] INFO src.logger - Entered the data ingestion component
[ 2026-07-09 04:03:31,084 ] INFO src.logger - Reading cleaned dataset from data/processed/telco_churn_cleaned.csv
[ 2026-07-09 04:03:31,099 ] INFO src.logger - Dataset loaded successfully with shape: (7032, 20)
[ 2026-07-09 04:03:31,116 ] INFO src.logger - Raw dataset saved at artifacts/raw.csv
[ 2026-07-09 04:03:31,116 ] INFO src.logger - Performing train-test split
[ 2026-07-09 04:03:31,127 ] INFO src.logger - Train shape: (5625, 20)
[ 2026-07-09 04:03:31,127 ] INFO src.logger - Test shape: (1407, 20)
[ 2026-07-09 04:03:31,143 ] INFO src.logger - Train file saved at artifacts/train.csv
[ 2026-07-09 04:03:31,144 ] INFO src.logger - Test file saved at artifacts/test.csv
[ 2026-07-09 04:03:31,144 ] INFO src.logger - Data ingestion completed successfully
[ 2026-07-09 04:03:31,144 ] INFO src.logger - Reading train and test data
[ 2026-07-09 04:03:31,150 ] INFO src.logger - Train dataframe shape: (5625, 20)
[ 2026-07-09 04:03:31,150 ] INFO src.logger - Test dataframe shape: (1407, 20)
[ 2026-07-09 04:03:31,150 ] INFO src.logger - Creating preprocessing pipelines for numerical and categorical features
[ 2026-07-09 04:03:31,150 ] INFO src.logger - Preprocessor object created successfully
[ 2026-07-09 04:03:31,150 ] INFO src.logger - Splitting input features and target column
[ 2026-07-09 04:03:31,150 ] INFO src.logger - Fitting preprocessing object on training data
[ 2026-07-09 04:03:31,164 ] INFO src.logger - Transforming test data
[ 2026-07-09 04:03:31,167 ] INFO src.logger - Saving preprocessing object
[ 2026-07-09 04:03:31,171 ] INFO src.logger - Data transformation completed successfully
[ 2026-07-09 04:03:31,172 ] INFO src.logger - Splitting transformed train and test arrays into X and y
[ 2026-07-09 04:03:31,172 ] INFO src.logger - X_train shape: (5625, 44)
[ 2026-07-09 04:03:31,172 ] INFO src.logger - X_test shape: (1407, 44)
[ 2026-07-09 04:03:31,172 ] INFO src.logger - Initializing Logistic Regression model
[ 2026-07-09 04:03:31,172 ] INFO src.logger - Training Logistic Regression model
[ 2026-07-09 04:03:31,182 ] INFO src.logger - Model training completed
[ 2026-07-09 04:03:31,182 ] INFO src.logger - Generating predictions on test data
[ 2026-07-09 04:03:31,183 ] INFO src.logger - Evaluating model performance
[ 2026-07-09 04:03:31,185 ] ERROR src.logger - Exception occurred during model training
