[ 2026-07-09 04:01:00,282 ] INFO src.logger - Entered the data ingestion component
[ 2026-07-09 04:01:00,282 ] INFO src.logger - Reading cleaned dataset from data/processed/telco_churn_cleaned.csv
[ 2026-07-09 04:01:00,289 ] INFO src.logger - Dataset loaded successfully with shape: (7032, 20)
[ 2026-07-09 04:01:00,306 ] INFO src.logger - Raw dataset saved at artifacts/raw.csv
[ 2026-07-09 04:01:00,306 ] INFO src.logger - Performing train-test split
[ 2026-07-09 04:01:00,316 ] INFO src.logger - Train shape: (5625, 20)
[ 2026-07-09 04:01:00,316 ] INFO src.logger - Test shape: (1407, 20)
[ 2026-07-09 04:01:00,333 ] INFO src.logger - Train file saved at artifacts/train.csv
[ 2026-07-09 04:01:00,333 ] INFO src.logger - Test file saved at artifacts/test.csv
[ 2026-07-09 04:01:00,333 ] INFO src.logger - Data ingestion completed successfully
[ 2026-07-09 04:01:00,334 ] INFO src.logger - Reading train and test data
[ 2026-07-09 04:01:00,340 ] INFO src.logger - Train dataframe shape: (5625, 20)
[ 2026-07-09 04:01:00,340 ] INFO src.logger - Test dataframe shape: (1407, 20)
[ 2026-07-09 04:01:00,340 ] INFO src.logger - Creating preprocessing pipelines for numerical and categorical features
[ 2026-07-09 04:01:00,340 ] INFO src.logger - Preprocessor object created successfully
[ 2026-07-09 04:01:00,340 ] INFO src.logger - Splitting input features and target column
[ 2026-07-09 04:01:00,340 ] INFO src.logger - Fitting preprocessing object on training data
[ 2026-07-09 04:01:00,355 ] INFO src.logger - Transforming test data
[ 2026-07-09 04:01:00,358 ] INFO src.logger - Saving preprocessing object
[ 2026-07-09 04:01:00,362 ] INFO src.logger - Data transformation completed successfully
